<?xml version="1.0" encoding="UTF-8"?>
<testsuite xmlns:xsi="http://www.w3.org/2001/XMLSchema-instance" xsi:schemaLocation="https://maven.apache.org/surefire/maven-surefire-plugin/xsd/surefire-test-report.xsd" name="com.SeniorDesign.SpotCheckServer.ControllersTest.DeviceControllerTest" time="0.001" tests="3" errors="0" skipped="0" failures="0">
  <properties>
[...]
</properties>
  <testcase name="createDeviceTest" classname="com.SeniorDesign.SpotCheckServer.ControllersTest.DeviceControllerTest" time="0"/>
  <testcase name="updateDeviceTest" classname="com.SeniorDesign.SpotCheckServer.ControllersTest.DeviceControllerTest" time="0"/>
  <testcase name="getDeviceTest" classname="com.SeniorDesign.SpotCheckServer.ControllersTest.DeviceControllerTest" time="0"/>
</testsuite>